<?xml version="1.0" encoding="UTF-8"?>
<!-- Generated by org.testng.reporters.JUnitXMLReporter -->
<testsuite hostname="Samikhya-VAIO" failures="0" tests="5" name="Test" time="29.213" errors="0" timestamp="15 Feb 2020 03:52:02 GMT">
  <testcase classname="com.etlhive.selenium.SeleniumProjects.TestNGFeature" name="rest" time="18.219"/>
  <testcase classname="com.etlhive.selenium.SeleniumProjects.TestNGFeature" name="check" time="18.393"/>
  <testcase classname="com.etlhive.selenium.SeleniumProjects.TestNGFeature" name="print" time="19.062"/>
  <testcase classname="com.etlhive.selenium.SeleniumProjects.TestNGFeature" name="test" time="10.619"/>
  <testcase classname="com.etlhive.selenium.SeleniumProjects.TestNGFeature" name="status" time="10.887"/>
</testsuite> <!-- Test -->
