<?xml version="1.0" encoding="UTF-8"?>
<testng-results total="1" passed="1" failed="0" skipped="0">
  <reporter-output>
    <line>
      <![CDATA[clicking on abc]]>
    </line>
  </reporter-output>
  <suite started-at="2020-02-16T16:01:33Z" name="Default suite" finished-at="2020-02-16T16:01:56Z" duration-ms="22391">
    <groups>
    </groups>
    <test started-at="2020-02-16T16:01:33Z" name="Default test" finished-at="2020-02-16T16:01:56Z" duration-ms="22391">
      <class name="com.etlhive.selenium.SeleniumProjects.GoogleTestP">
        <test-method signature="f1(java.lang.String)[pri:0, instance:com.etlhive.selenium.SeleniumProjects.GoogleTestP@17f7cd29]" started-at="2020-02-16T21:31:33Z" name="f1" data-provider="abc" finished-at="2020-02-16T21:31:56Z" duration-ms="22336" status="PASS">
          <params>
            <param index="0">
              <value>
                <![CDATA[http://phptravels.com/demo/]]>
              </value>
            </param>
          </params>
          <reporter-output>
            <line>
              <![CDATA[clicking on abc]]>
            </line>
          </reporter-output>
        </test-method> <!-- f1 -->
      </class> <!-- com.etlhive.selenium.SeleniumProjects.GoogleTestP -->
    </test> <!-- Default test -->
  </suite> <!-- Default suite -->
</testng-results>
